<?xml version="1.0" encoding="UTF-8"?>
<testsuite name="org.douggschwind.games.cardgames.common.PlayerTest" tests="3" skipped="0" failures="0" errors="0" timestamp="2024-12-20T08:01:34" hostname="MSI" time="0.003">
  <properties/>
  <testcase name="testPlayerNotEquals()" classname="org.douggschwind.games.cardgames.common.PlayerTest" time="0.001"/>
  <testcase name="testPlayerEquals()" classname="org.douggschwind.games.cardgames.common.PlayerTest" time="0.0"/>
  <testcase name="testNewHand()" classname="org.douggschwind.games.cardgames.common.PlayerTest" time="0.0"/>
  <system-out><![CDATA[]]></system-out>
  <system-err><![CDATA[]]></system-err>
</testsuite>
