<?xml version="1.0" encoding="UTF-8"?>
<testsuite name="org.douggschwind.games.cardgames.common.DeckFactoryTest" tests="2" skipped="0" failures="0" errors="0" timestamp="2024-12-20T08:28:04" hostname="MSI" time="0.009">
  <properties/>
  <testcase name="testStandardDeck()" classname="org.douggschwind.games.cardgames.common.DeckFactoryTest" time="0.006"/>
  <testcase name="testEuchreDeck()" classname="org.douggschwind.games.cardgames.common.DeckFactoryTest" time="0.002"/>
  <system-out><![CDATA[]]></system-out>
  <system-err><![CDATA[]]></system-err>
</testsuite>
