<?xml version="1.0" encoding="UTF-8"?>
<testsuite name="org.douggschwind.games.dicegames.boggle.BoardLocationsVisitedTest" tests="1" skipped="0" failures="0" errors="0" timestamp="2024-12-20T08:35:27" hostname="MSI" time="0.002">
  <properties/>
  <testcase name="testClone()" classname="org.douggschwind.games.dicegames.boggle.BoardLocationsVisitedTest" time="0.002"/>
  <system-out><![CDATA[]]></system-out>
  <system-err><![CDATA[]]></system-err>
</testsuite>
