<?xml version="1.0" encoding="UTF-8"?>
<testsuite name="org.douggschwind.games.cardgames.euchre.ClassicEuchreTest" tests="2" skipped="0" failures="0" errors="0" timestamp="2024-12-20T08:35:26" hostname="MSI" time="0.006">
  <properties/>
  <testcase name="testPlayersAllGetDistinctCards()" classname="org.douggschwind.games.cardgames.euchre.ClassicEuchreTest" time="0.004"/>
  <testcase name="testHand()" classname="org.douggschwind.games.cardgames.euchre.ClassicEuchreTest" time="0.002"/>
  <system-out><![CDATA[]]></system-out>
  <system-err><![CDATA[]]></system-err>
</testsuite>
