<?xml version="1.0" encoding="UTF-8"?>
<testsuite name="org.douggschwind.games.boardgames.monopoly.actioncard.DeckFactoryTest" tests="2" skipped="0" failures="0" errors="0" timestamp="2024-12-20T08:01:33" hostname="MSI" time="0.007">
  <properties/>
  <testcase name="testChanceDeck()" classname="org.douggschwind.games.boardgames.monopoly.actioncard.DeckFactoryTest" time="0.005"/>
  <testcase name="testCommunityChestDeck()" classname="org.douggschwind.games.boardgames.monopoly.actioncard.DeckFactoryTest" time="0.002"/>
  <system-out><![CDATA[]]></system-out>
  <system-err><![CDATA[]]></system-err>
</testsuite>
