<?xml version="1.0" encoding="UTF-8"?>
<testsuite name="org.douggschwind.games.boardgames.monopoly.PlayerTest" tests="6" skipped="0" failures="0" errors="0" timestamp="2024-12-20T08:35:26" hostname="MSI" time="0.052">
  <properties/>
  <testcase name="testReceivePayment()" classname="org.douggschwind.games.boardgames.monopoly.PlayerTest" time="0.028"/>
  <testcase name="testAcceptOwnership()" classname="org.douggschwind.games.boardgames.monopoly.PlayerTest" time="0.012"/>
  <testcase name="testInitialBankAccountBalance()" classname="org.douggschwind.games.boardgames.monopoly.PlayerTest" time="0.0"/>
  <testcase name="testCanPayBillWithCash()" classname="org.douggschwind.games.boardgames.monopoly.PlayerTest" time="0.002"/>
  <testcase name="testMakePayment()" classname="org.douggschwind.games.boardgames.monopoly.PlayerTest" time="0.001"/>
  <testcase name="testRollDice()" classname="org.douggschwind.games.boardgames.monopoly.PlayerTest" time="0.003"/>
  <system-out><![CDATA[]]></system-out>
  <system-err><![CDATA[]]></system-err>
</testsuite>
