<?xml version="1.0" encoding="UTF-8"?>
<testsuite name="org.douggschwind.games.dicegames.boggle.BoggleTest" tests="4" skipped="0" failures="0" errors="0" timestamp="2024-12-20T08:35:27" hostname="MSI" time="0.018">
  <properties/>
  <testcase name="test4x4BoggleWordFindingLongerWordsBasedUponShorterWordsPresent()" classname="org.douggschwind.games.dicegames.boggle.BoggleTest" time="0.012"/>
  <testcase name="test4x4BoggleWordFindingQuPresent()" classname="org.douggschwind.games.dicegames.boggle.BoggleTest" time="0.001"/>
  <testcase name="test4x4BoggleWordFindingNoQuPresent()" classname="org.douggschwind.games.dicegames.boggle.BoggleTest" time="0.002"/>
  <testcase name="test5x5BoggleWordFindingNoQuPresent()" classname="org.douggschwind.games.dicegames.boggle.BoggleTest" time="0.001"/>
  <system-out><![CDATA[]]></system-out>
  <system-err><![CDATA[]]></system-err>
</testsuite>
